<?xml version="1.0" encoding="UTF-8"?>
<!-- Generated by org.testng.reporters.JUnitReportReporter -->
<testsuite hostname="DESKTOP-31QM75N" failures="0" tests="3" name="APITestingTestNG.demo1" time="0.061" errors="0" timestamp="2023-02-24T11:37:59 IST" skipped="0">
  <testcase classname="APITestingTestNG.demo1" name="validateResponseCode" time="0.016"/>
  <system-out/>
  <testcase classname="APITestingTestNG.demo1" name="validateResponseBody" time="0.042"/>
  <system-out/>
  <testcase classname="APITestingTestNG.demo1" name="validateContentType" time="0.003"/>
  <system-out/>
</testsuite> <!-- APITestingTestNG.demo1 -->
